{
  "stats": {
    "suites": 1,
    "tests": 1,
    "passes": 1,
    "pending": 0,
    "failures": 0,
    "start": "2021-12-08T02:21:18.747Z",
    "end": "2021-12-08T02:21:38.006Z",
    "duration": 19259,
    "testsRegistered": 1,
    "passPercent": 100,
    "pendingPercent": 0,
    "other": 0,
    "hasOther": false,
    "skipped": 0,
    "hasSkipped": false
  },
  "results": [
    {
      "uuid": "16bed952-d492-418f-bd52-87667c52daa5",
      "title": "",
      "fullFile": "cypress/integration/cadastro.spec.js",
      "file": "cypress/integration/cadastro.spec.js",
      "beforeHooks": [],
      "afterHooks": [],
      "tests": [],
      "suites": [
        {
          "uuid": "187f5330-82fe-4f62-8d6f-80ae54c0ea10",
          "title": "Realziar o cadastro de novo usuário",
          "fullFile": "",
          "file": "",
          "beforeHooks": [],
          "afterHooks": [],
          "tests": [
            {
              "title": "Quando eu preencher todos os dados obrigatórios, então devo ser cadastrado no sistema.",
              "fullTitle": "Realziar o cadastro de novo usuário Quando eu preencher todos os dados obrigatórios, então devo ser cadastrado no sistema.",
              "timedOut": null,
              "duration": 19083,
              "state": "passed",
              "speed": "slow",
              "pass": true,
              "fail": false,
              "pending": false,
              "context": null,
              "code": "//Realizando o acesso ao site\ncy.visit('/', {\n  timeout: 30000\n}).title().should('eq', 'My Store'); //Clicando no botão de Sign In\ncy.get('a.login').click(); //Realizando o cadastro\ncy.get('input#email_create').type(chance.email());\ncy.get('#SubmitCreate').click();\ncy.get('input#id_gender2').click();\ncy.get('input#customer_firstname').type(chance.first());\ncy.get('input#customer_lastname').type(chance.last());\ncy.get('input#passwd').type('Teste@123');\ncy.get('select#days').select('18', {\n  force: true\n});\ncy.get('select#months').select(chance.month(), {\n  force: true\n});\ncy.get('select#years').select(chance.year({\n  min: 1900,\n  max: 2021\n}), {\n  force: true\n});\ncy.get('input#company').type('Agilizei Bootcamp');\ncy.get('input#address1').type(chance.address());\ncy.get('input#city').type(chance.city());\ncy.get('select#id_state').select('California', {\n  force: true\n});\ncy.get('input#postcode').type(chance.zip());\ncy.get('input#phone_mobile').type(chance.phone());\ncy.get('input#alias').clear().type('Home'); //Concluir cadastro\ncy.get('button#submitAccount').click();\ncy.title().should('contain', 'My account');\ncy.log('Você realizou o cadastro com sucesso!');",
              "err": {},
              "uuid": "1ea250f7-d3f2-44ef-ad86-c18c50fe7e14",
              "parentUUID": "187f5330-82fe-4f62-8d6f-80ae54c0ea10",
              "isHook": false,
              "skipped": false
            }
          ],
          "suites": [],
          "passes": [
            "1ea250f7-d3f2-44ef-ad86-c18c50fe7e14"
          ],
          "failures": [],
          "pending": [],
          "skipped": [],
          "duration": 19083,
          "root": false,
          "rootEmpty": false,
          "_timeout": 2000
        }
      ],
      "passes": [],
      "failures": [],
      "pending": [],
      "skipped": [],
      "duration": 0,
      "root": true,
      "rootEmpty": true,
      "_timeout": 2000
    }
  ],
  "meta": {
    "mocha": {
      "version": "7.0.1"
    },
    "mochawesome": {
      "options": {
        "quiet": true,
        "reportFilename": "mochawesome",
        "saveHtml": false,
        "saveJson": true,
        "consoleReporter": "spec",
        "useInlineDiffs": false,
        "code": true
      },
      "version": "7.0.1"
    },
    "marge": {
      "options": {
        "id": "default",
        "reportDir": "mochawesome-report",
        "quiet": true,
        "overwrite": false,
        "html": false,
        "json": true
      },
      "version": "6.0.1"
    }
  }
}